ERROR - 2024-11-02 10:33:13 --> mysqli_sql_exception: Table 'app.rise_activity_logs' doesn't exist in engine in C:\xampp\htdocs\App\system\Database\MySQLi\Connection.php:295
Stack trace:
#0 C:\xampp\htdocs\App\system\Database\MySQLi\Connection.php(295): mysqli->query('SELECT SQL_CALC...', 0)
#1 C:\xampp\htdocs\App\system\Database\BaseConnection.php(692): CodeIgniter\Database\MySQLi\Connection->execute('SELECT SQL_CALC...')
#2 C:\xampp\htdocs\App\system\Database\BaseConnection.php(606): CodeIgniter\Database\BaseConnection->simpleQuery('SELECT SQL_CALC...')
#3 C:\xampp\htdocs\App\app\Models\Activity_logs_model.php(130): CodeIgniter\Database\BaseConnection->query('SELECT SQL_CALC...')
#4 C:\xampp\htdocs\App\app\Helpers\widget_helper.php(45): App\Models\Activity_logs_model->get_details(Array)
#5 C:\xampp\htdocs\App\app\Views\dashboards\custom_dashboards\extra_data\widget_with_heading.php(22): activity_logs_widget(Array)
#6 C:\xampp\htdocs\App\system\View\View.php(224): include('C:\\xampp\\htdocs...')
#7 C:\xampp\htdocs\App\system\View\View.php(227): CodeIgniter\View\View->CodeIgniter\View\{closure}()
#8 C:\xampp\htdocs\App\system\Common.php(1180): CodeIgniter\View\View->render('dashboards/cust...', Array, true)
#9 C:\xampp\htdocs\App\app\Libraries\Template.php(38): view('dashboards/cust...', Array)
#10 C:\xampp\htdocs\App\app\Controllers\Dashboard.php(1078): App\Libraries\Template->view('dashboards/cust...', Array)
#11 C:\xampp\htdocs\App\app\Controllers\Dashboard.php(1048): App\Controllers\Dashboard->_get_widgets_for_staffs('project_timelin...', Array)
#12 C:\xampp\htdocs\App\app\Controllers\Dashboard.php(1025): App\Controllers\Dashboard->_make_dashboard_widgets('project_timelin...')
#13 C:\xampp\htdocs\App\app\Controllers\Dashboard.php(38): App\Controllers\Dashboard->make_dashboard(Array)
#14 C:\xampp\htdocs\App\system\CodeIgniter.php(932): App\Controllers\Dashboard->index()
#15 C:\xampp\htdocs\App\system\CodeIgniter.php(497): CodeIgniter\CodeIgniter->runController(Object(App\Controllers\Dashboard))
#16 C:\xampp\htdocs\App\system\CodeIgniter.php(366): CodeIgniter\CodeIgniter->handleRequest(NULL, Object(Config\Cache), false)
#17 C:\xampp\htdocs\App\index.php(80): CodeIgniter\CodeIgniter->run()
#18 {main}
CRITICAL - 2024-11-02 10:33:13 --> Call to a member function getResult() on bool
in APPPATH\Models\Activity_logs_model.php on line 130.
 1 APPPATH\Helpers\widget_helper.php(45): App\Models\Activity_logs_model->get_details([...])
 2 APPPATH\Views\dashboards\custom_dashboards\extra_data\widget_with_heading.php(22): activity_logs_widget([...])
 3 SYSTEMPATH\View\View.php(224): include('C:\\xampp\\htdocs\\App\\app\\Views\\dashboards\\custom_dashboards\\extra_data\\widget_with_heading.php')
 4 SYSTEMPATH\View\View.php(227): CodeIgniter\View\View->CodeIgniter\View\{closure}()
 5 SYSTEMPATH\Common.php(1180): CodeIgniter\View\View->render('dashboards/custom_dashboards/extra_data/widget_with_heading', [], true)
 6 APPPATH\Libraries\Template.php(38): view('dashboards/custom_dashboards/extra_data/widget_with_heading', [...])
 7 APPPATH\Controllers\Dashboard.php(1078): App\Libraries\Template->view('dashboards/custom_dashboards/extra_data/widget_with_heading', [...])
 8 APPPATH\Controllers\Dashboard.php(1048): App\Controllers\Dashboard->_get_widgets_for_staffs('project_timeline', [...])
 9 APPPATH\Controllers\Dashboard.php(1025): App\Controllers\Dashboard->_make_dashboard_widgets('project_timeline')
10 APPPATH\Controllers\Dashboard.php(38): App\Controllers\Dashboard->make_dashboard([...])
11 SYSTEMPATH\CodeIgniter.php(932): App\Controllers\Dashboard->index()
12 SYSTEMPATH\CodeIgniter.php(497): CodeIgniter\CodeIgniter->runController(Object(App\Controllers\Dashboard))
13 SYSTEMPATH\CodeIgniter.php(366): CodeIgniter\CodeIgniter->handleRequest(null, Object(Config\Cache), false)
14 FCPATH\index.php(80): CodeIgniter\CodeIgniter->run()
ERROR - 2024-11-02 10:34:26 --> mysqli_sql_exception: Table 'app.rise_activity_logs' doesn't exist in engine in C:\xampp\htdocs\App\system\Database\MySQLi\Connection.php:295
Stack trace:
#0 C:\xampp\htdocs\App\system\Database\MySQLi\Connection.php(295): mysqli->query('SELECT SQL_CALC...', 0)
#1 C:\xampp\htdocs\App\system\Database\BaseConnection.php(692): CodeIgniter\Database\MySQLi\Connection->execute('SELECT SQL_CALC...')
#2 C:\xampp\htdocs\App\system\Database\BaseConnection.php(606): CodeIgniter\Database\BaseConnection->simpleQuery('SELECT SQL_CALC...')
#3 C:\xampp\htdocs\App\app\Models\Activity_logs_model.php(130): CodeIgniter\Database\BaseConnection->query('SELECT SQL_CALC...')
#4 C:\xampp\htdocs\App\app\Helpers\widget_helper.php(45): App\Models\Activity_logs_model->get_details(Array)
#5 C:\xampp\htdocs\App\app\Views\dashboards\custom_dashboards\extra_data\widget_with_heading.php(22): activity_logs_widget(Array)
#6 C:\xampp\htdocs\App\system\View\View.php(224): include('C:\\xampp\\htdocs...')
#7 C:\xampp\htdocs\App\system\View\View.php(227): CodeIgniter\View\View->CodeIgniter\View\{closure}()
#8 C:\xampp\htdocs\App\system\Common.php(1180): CodeIgniter\View\View->render('dashboards/cust...', Array, true)
#9 C:\xampp\htdocs\App\app\Libraries\Template.php(38): view('dashboards/cust...', Array)
#10 C:\xampp\htdocs\App\app\Controllers\Dashboard.php(1078): App\Libraries\Template->view('dashboards/cust...', Array)
#11 C:\xampp\htdocs\App\app\Controllers\Dashboard.php(1048): App\Controllers\Dashboard->_get_widgets_for_staffs('project_timelin...', Array)
#12 C:\xampp\htdocs\App\app\Controllers\Dashboard.php(1025): App\Controllers\Dashboard->_make_dashboard_widgets('project_timelin...')
#13 C:\xampp\htdocs\App\app\Controllers\Dashboard.php(38): App\Controllers\Dashboard->make_dashboard(Array)
#14 C:\xampp\htdocs\App\system\CodeIgniter.php(932): App\Controllers\Dashboard->index()
#15 C:\xampp\htdocs\App\system\CodeIgniter.php(497): CodeIgniter\CodeIgniter->runController(Object(App\Controllers\Dashboard))
#16 C:\xampp\htdocs\App\system\CodeIgniter.php(366): CodeIgniter\CodeIgniter->handleRequest(NULL, Object(Config\Cache), false)
#17 C:\xampp\htdocs\App\index.php(80): CodeIgniter\CodeIgniter->run()
#18 {main}
CRITICAL - 2024-11-02 10:34:26 --> Call to a member function getResult() on bool
in APPPATH\Models\Activity_logs_model.php on line 130.
 1 APPPATH\Helpers\widget_helper.php(45): App\Models\Activity_logs_model->get_details([...])
 2 APPPATH\Views\dashboards\custom_dashboards\extra_data\widget_with_heading.php(22): activity_logs_widget([...])
 3 SYSTEMPATH\View\View.php(224): include('C:\\xampp\\htdocs\\App\\app\\Views\\dashboards\\custom_dashboards\\extra_data\\widget_with_heading.php')
 4 SYSTEMPATH\View\View.php(227): CodeIgniter\View\View->CodeIgniter\View\{closure}()
 5 SYSTEMPATH\Common.php(1180): CodeIgniter\View\View->render('dashboards/custom_dashboards/extra_data/widget_with_heading', [], true)
 6 APPPATH\Libraries\Template.php(38): view('dashboards/custom_dashboards/extra_data/widget_with_heading', [...])
 7 APPPATH\Controllers\Dashboard.php(1078): App\Libraries\Template->view('dashboards/custom_dashboards/extra_data/widget_with_heading', [...])
 8 APPPATH\Controllers\Dashboard.php(1048): App\Controllers\Dashboard->_get_widgets_for_staffs('project_timeline', [...])
 9 APPPATH\Controllers\Dashboard.php(1025): App\Controllers\Dashboard->_make_dashboard_widgets('project_timeline')
10 APPPATH\Controllers\Dashboard.php(38): App\Controllers\Dashboard->make_dashboard([...])
11 SYSTEMPATH\CodeIgniter.php(932): App\Controllers\Dashboard->index()
12 SYSTEMPATH\CodeIgniter.php(497): CodeIgniter\CodeIgniter->runController(Object(App\Controllers\Dashboard))
13 SYSTEMPATH\CodeIgniter.php(366): CodeIgniter\CodeIgniter->handleRequest(null, Object(Config\Cache), false)
14 FCPATH\index.php(80): CodeIgniter\CodeIgniter->run()
ERROR - 2024-11-02 10:35:42 --> mysqli_sql_exception: Table 'app.rise_activity_logs' doesn't exist in engine in C:\xampp\htdocs\App\system\Database\MySQLi\Connection.php:295
Stack trace:
#0 C:\xampp\htdocs\App\system\Database\MySQLi\Connection.php(295): mysqli->query('SELECT SQL_CALC...', 0)
#1 C:\xampp\htdocs\App\system\Database\BaseConnection.php(692): CodeIgniter\Database\MySQLi\Connection->execute('SELECT SQL_CALC...')
#2 C:\xampp\htdocs\App\system\Database\BaseConnection.php(606): CodeIgniter\Database\BaseConnection->simpleQuery('SELECT SQL_CALC...')
#3 C:\xampp\htdocs\App\app\Models\Activity_logs_model.php(130): CodeIgniter\Database\BaseConnection->query('SELECT SQL_CALC...')
#4 C:\xampp\htdocs\App\app\Helpers\widget_helper.php(45): App\Models\Activity_logs_model->get_details(Array)
#5 C:\xampp\htdocs\App\app\Views\dashboards\custom_dashboards\extra_data\widget_with_heading.php(22): activity_logs_widget(Array)
#6 C:\xampp\htdocs\App\system\View\View.php(224): include('C:\\xampp\\htdocs...')
#7 C:\xampp\htdocs\App\system\View\View.php(227): CodeIgniter\View\View->CodeIgniter\View\{closure}()
#8 C:\xampp\htdocs\App\system\Common.php(1180): CodeIgniter\View\View->render('dashboards/cust...', Array, true)
#9 C:\xampp\htdocs\App\app\Libraries\Template.php(38): view('dashboards/cust...', Array)
#10 C:\xampp\htdocs\App\app\Controllers\Dashboard.php(1078): App\Libraries\Template->view('dashboards/cust...', Array)
#11 C:\xampp\htdocs\App\app\Controllers\Dashboard.php(1048): App\Controllers\Dashboard->_get_widgets_for_staffs('project_timelin...', Array)
#12 C:\xampp\htdocs\App\app\Controllers\Dashboard.php(1025): App\Controllers\Dashboard->_make_dashboard_widgets('project_timelin...')
#13 C:\xampp\htdocs\App\app\Controllers\Dashboard.php(38): App\Controllers\Dashboard->make_dashboard(Array)
#14 C:\xampp\htdocs\App\system\CodeIgniter.php(932): App\Controllers\Dashboard->index()
#15 C:\xampp\htdocs\App\system\CodeIgniter.php(497): CodeIgniter\CodeIgniter->runController(Object(App\Controllers\Dashboard))
#16 C:\xampp\htdocs\App\system\CodeIgniter.php(366): CodeIgniter\CodeIgniter->handleRequest(NULL, Object(Config\Cache), false)
#17 C:\xampp\htdocs\App\index.php(80): CodeIgniter\CodeIgniter->run()
#18 {main}
CRITICAL - 2024-11-02 10:35:42 --> Call to a member function getResult() on bool
in APPPATH\Models\Activity_logs_model.php on line 130.
 1 APPPATH\Helpers\widget_helper.php(45): App\Models\Activity_logs_model->get_details([...])
 2 APPPATH\Views\dashboards\custom_dashboards\extra_data\widget_with_heading.php(22): activity_logs_widget([...])
 3 SYSTEMPATH\View\View.php(224): include('C:\\xampp\\htdocs\\App\\app\\Views\\dashboards\\custom_dashboards\\extra_data\\widget_with_heading.php')
 4 SYSTEMPATH\View\View.php(227): CodeIgniter\View\View->CodeIgniter\View\{closure}()
 5 SYSTEMPATH\Common.php(1180): CodeIgniter\View\View->render('dashboards/custom_dashboards/extra_data/widget_with_heading', [], true)
 6 APPPATH\Libraries\Template.php(38): view('dashboards/custom_dashboards/extra_data/widget_with_heading', [...])
 7 APPPATH\Controllers\Dashboard.php(1078): App\Libraries\Template->view('dashboards/custom_dashboards/extra_data/widget_with_heading', [...])
 8 APPPATH\Controllers\Dashboard.php(1048): App\Controllers\Dashboard->_get_widgets_for_staffs('project_timeline', [...])
 9 APPPATH\Controllers\Dashboard.php(1025): App\Controllers\Dashboard->_make_dashboard_widgets('project_timeline')
10 APPPATH\Controllers\Dashboard.php(38): App\Controllers\Dashboard->make_dashboard([...])
11 SYSTEMPATH\CodeIgniter.php(932): App\Controllers\Dashboard->index()
12 SYSTEMPATH\CodeIgniter.php(497): CodeIgniter\CodeIgniter->runController(Object(App\Controllers\Dashboard))
13 SYSTEMPATH\CodeIgniter.php(366): CodeIgniter\CodeIgniter->handleRequest(null, Object(Config\Cache), false)
14 FCPATH\index.php(80): CodeIgniter\CodeIgniter->run()
ERROR - 2024-11-02 10:37:07 --> mysqli_sql_exception: Table 'app.rise_activity_logs' doesn't exist in engine in C:\xampp\htdocs\App\system\Database\MySQLi\Connection.php:295
Stack trace:
#0 C:\xampp\htdocs\App\system\Database\MySQLi\Connection.php(295): mysqli->query('SELECT SQL_CALC...', 0)
#1 C:\xampp\htdocs\App\system\Database\BaseConnection.php(692): CodeIgniter\Database\MySQLi\Connection->execute('SELECT SQL_CALC...')
#2 C:\xampp\htdocs\App\system\Database\BaseConnection.php(606): CodeIgniter\Database\BaseConnection->simpleQuery('SELECT SQL_CALC...')
#3 C:\xampp\htdocs\App\app\Models\Activity_logs_model.php(130): CodeIgniter\Database\BaseConnection->query('SELECT SQL_CALC...')
#4 C:\xampp\htdocs\App\app\Helpers\widget_helper.php(45): App\Models\Activity_logs_model->get_details(Array)
#5 C:\xampp\htdocs\App\app\Views\dashboards\custom_dashboards\extra_data\widget_with_heading.php(22): activity_logs_widget(Array)
#6 C:\xampp\htdocs\App\system\View\View.php(224): include('C:\\xampp\\htdocs...')
#7 C:\xampp\htdocs\App\system\View\View.php(227): CodeIgniter\View\View->CodeIgniter\View\{closure}()
#8 C:\xampp\htdocs\App\system\Common.php(1180): CodeIgniter\View\View->render('dashboards/cust...', Array, true)
#9 C:\xampp\htdocs\App\app\Libraries\Template.php(38): view('dashboards/cust...', Array)
#10 C:\xampp\htdocs\App\app\Controllers\Dashboard.php(1078): App\Libraries\Template->view('dashboards/cust...', Array)
#11 C:\xampp\htdocs\App\app\Controllers\Dashboard.php(1048): App\Controllers\Dashboard->_get_widgets_for_staffs('project_timelin...', Array)
#12 C:\xampp\htdocs\App\app\Controllers\Dashboard.php(1025): App\Controllers\Dashboard->_make_dashboard_widgets('project_timelin...')
#13 C:\xampp\htdocs\App\app\Controllers\Dashboard.php(38): App\Controllers\Dashboard->make_dashboard(Array)
#14 C:\xampp\htdocs\App\system\CodeIgniter.php(932): App\Controllers\Dashboard->index()
#15 C:\xampp\htdocs\App\system\CodeIgniter.php(497): CodeIgniter\CodeIgniter->runController(Object(App\Controllers\Dashboard))
#16 C:\xampp\htdocs\App\system\CodeIgniter.php(366): CodeIgniter\CodeIgniter->handleRequest(NULL, Object(Config\Cache), false)
#17 C:\xampp\htdocs\App\index.php(80): CodeIgniter\CodeIgniter->run()
#18 {main}
CRITICAL - 2024-11-02 10:37:07 --> Table 'app.rise_activity_logs' doesn't exist in engine
in SYSTEMPATH\Database\MySQLi\Connection.php on line 295.
 1 SYSTEMPATH\Database\MySQLi\Connection.php(295): mysqli->query('SELECT SQL_CALC_FOUND_ROWS rise_activity_logs.*,  CONCAT(rise_users.first_name, \' \',rise_users.last_name) AS created_by_user, rise_users.image as created_by_avatar, rise_users.user_type  , rise_projects.title as log_for_title
        FROM rise_activity_logs
        LEFT JOIN rise_users ON rise_users.id= rise_activity_logs.created_by
         LEFT JOIN rise_projects ON rise_activity_logs.log_for_id=rise_projects.id 
        
        WHERE rise_activity_logs.deleted=0  AND rise_activity_logs.log_for=\'project\' 
        ORDER BY rise_activity_logs.created_at DESC
        LIMIT 0, 10', 0)
 2 SYSTEMPATH\Database\BaseConnection.php(692): CodeIgniter\Database\MySQLi\Connection->execute('SELECT SQL_CALC_FOUND_ROWS rise_activity_logs.*,  CONCAT(rise_users.first_name, \' \',rise_users.last_name) AS created_by_user, rise_users.image as created_by_avatar, rise_users.user_type  , rise_projects.title as log_for_title
        FROM rise_activity_logs
        LEFT JOIN rise_users ON rise_users.id= rise_activity_logs.created_by
         LEFT JOIN rise_projects ON rise_activity_logs.log_for_id=rise_projects.id 
        
        WHERE rise_activity_logs.deleted=0  AND rise_activity_logs.log_for=\'project\' 
        ORDER BY rise_activity_logs.created_at DESC
        LIMIT 0, 10')
 3 SYSTEMPATH\Database\BaseConnection.php(606): CodeIgniter\Database\BaseConnection->simpleQuery('SELECT SQL_CALC_FOUND_ROWS rise_activity_logs.*,  CONCAT(rise_users.first_name, \' \',rise_users.last_name) AS created_by_user, rise_users.image as created_by_avatar, rise_users.user_type  , rise_projects.title as log_for_title
        FROM rise_activity_logs
        LEFT JOIN rise_users ON rise_users.id= rise_activity_logs.created_by
         LEFT JOIN rise_projects ON rise_activity_logs.log_for_id=rise_projects.id 
        
        WHERE rise_activity_logs.deleted=0  AND rise_activity_logs.log_for=\'project\' 
        ORDER BY rise_activity_logs.created_at DESC
        LIMIT 0, 10')
 4 APPPATH\Models\Activity_logs_model.php(130): CodeIgniter\Database\BaseConnection->query('SELECT SQL_CALC_FOUND_ROWS rise_activity_logs.*,  CONCAT(rise_users.first_name, \' \',rise_users.last_name) AS created_by_user, rise_users.image as created_by_avatar, rise_users.user_type  , rise_projects.title as log_for_title
        FROM rise_activity_logs
        LEFT JOIN rise_users ON rise_users.id= rise_activity_logs.created_by
         LEFT JOIN rise_projects ON rise_activity_logs.log_for_id=rise_projects.id 
        
        WHERE rise_activity_logs.deleted=0  AND rise_activity_logs.log_for=\'project\' 
        ORDER BY rise_activity_logs.created_at DESC
        LIMIT 0, 10')
 5 APPPATH\Helpers\widget_helper.php(45): App\Models\Activity_logs_model->get_details([...])
 6 APPPATH\Views\dashboards\custom_dashboards\extra_data\widget_with_heading.php(22): activity_logs_widget([...])
 7 SYSTEMPATH\View\View.php(224): include('C:\\xampp\\htdocs\\App\\app\\Views\\dashboards\\custom_dashboards\\extra_data\\widget_with_heading.php')
 8 SYSTEMPATH\View\View.php(227): CodeIgniter\View\View->CodeIgniter\View\{closure}()
 9 SYSTEMPATH\Common.php(1180): CodeIgniter\View\View->render('dashboards/custom_dashboards/extra_data/widget_with_heading', [], true)
10 APPPATH\Libraries\Template.php(38): view('dashboards/custom_dashboards/extra_data/widget_with_heading', [...])
11 APPPATH\Controllers\Dashboard.php(1078): App\Libraries\Template->view('dashboards/custom_dashboards/extra_data/widget_with_heading', [...])
12 APPPATH\Controllers\Dashboard.php(1048): App\Controllers\Dashboard->_get_widgets_for_staffs('project_timeline', [...])
13 APPPATH\Controllers\Dashboard.php(1025): App\Controllers\Dashboard->_make_dashboard_widgets('project_timeline')
14 APPPATH\Controllers\Dashboard.php(38): App\Controllers\Dashboard->make_dashboard([...])
15 SYSTEMPATH\CodeIgniter.php(932): App\Controllers\Dashboard->index()
16 SYSTEMPATH\CodeIgniter.php(497): CodeIgniter\CodeIgniter->runController(Object(App\Controllers\Dashboard))
17 SYSTEMPATH\CodeIgniter.php(366): CodeIgniter\CodeIgniter->handleRequest(null, Object(Config\Cache), false)
18 FCPATH\index.php(80): CodeIgniter\CodeIgniter->run()
